<?xml version="1.0" encoding="UTF-8"?>
<!-- Generated by org.testng.reporters.JUnitReportReporter -->
<testsuite hostname="LAPTOP-LFE03N77" failures="0" tests="6" name="Amazon.VerifyOrderPage" time="158.641" errors="0" timestamp="2024-10-16T14:56:26 IST" skipped="2">
  <testcase classname="Amazon.VerifyOrderPage" name="VerifyLogin1" time="0.000">
    <skipped/>
  </testcase> <!-- VerifyLogin1 -->
  <system-out/>
  <testcase classname="Amazon.VerifyOrderPage" name="VerifyLogin1" time="34.904"/>
  <system-out/>
  <testcase classname="Amazon.VerifyOrderPage" name="VerifyLogin1" time="27.057"/>
  <system-out/>
  <testcase classname="Amazon.VerifyOrderPage" name="VerifyRetunAndOrders" time="75.864"/>
  <system-out/>
  <testcase classname="Amazon.VerifyOrderPage" name="VerifyRetunAndOrders" time="20.816"/>
  <system-out/>
  <testcase classname="Amazon.VerifyOrderPage" name="VerifyRetunAndOrders" time="0.000">
    <skipped/>
  </testcase> <!-- VerifyRetunAndOrders -->
  <system-out/>
</testsuite> <!-- Amazon.VerifyOrderPage -->
