<?xml version="1.0" encoding="UTF-8"?>
<!-- Generated by org.testng.reporters.JUnitXMLReporter -->
<testsuite ignored="0" hostname="LAPTOP-LFE03N77" failures="0" tests="6" name="Test-FirefoxTest" time="0.14" errors="0" timestamp="2024-10-16T14:54:41 IST">
  <testcase classname="Amazon.AmazonTestNGClass" name="@BeforeTest LaunchBrowser" time="0.007">
    <failure type="java.lang.NullPointerException" message="Cannot invoke &amp;quot;org.openqa.selenium.WebDriver.manage()&amp;quot; because &amp;quot;this.driver&amp;quot; is null">
      <![CDATA[java.lang.NullPointerException: Cannot invoke "org.openqa.selenium.WebDriver.manage()" because "this.driver" is null
at Amazon.AmazonTestNGClass.LaunchBrowser(AmazonTestNGClass.java:53)
... Removed 22 stack frames]]>
    </failure>
  </testcase> <!-- @BeforeTest LaunchBrowser -->
  <testcase classname="Amazon.VerifyOrderPage" name="@BeforeTest LaunchBrowser" time="-1.729070681722E9">
    <skipped/>
  </testcase> <!-- @BeforeTest LaunchBrowser -->
  <testcase classname="Amazon.verifyLoginPage" name="@BeforeTest LaunchBrowser" time="-1.729070681726E9">
    <skipped/>
  </testcase> <!-- @BeforeTest LaunchBrowser -->
  <testcase classname="Amazon.AmazonTestNGClass" name="@BeforeClass initializePOM" time="-1.729070681736E9">
    <skipped/>
  </testcase> <!-- @BeforeClass initializePOM -->
  <testcase classname="Amazon.verifyLoginPage" name="@BeforeClass InitializePOM" time="-1.729070681736E9">
    <skipped/>
  </testcase> <!-- @BeforeClass InitializePOM -->
  <testcase classname="Amazon.VerifyOrderPage" name="@BeforeClass LaunchBrowser" time="-1.729070681736E9">
    <skipped/>
  </testcase> <!-- @BeforeClass LaunchBrowser -->
  <testcase classname="Amazon.verifyLoginPage" name="@BeforeMethod LoginIntoApplication" time="-1.729070681749E9">
    <skipped/>
  </testcase> <!-- @BeforeMethod LoginIntoApplication -->
  <testcase classname="Amazon.AmazonTestNGClass" name="@BeforeMethod LoginToAppplication" time="-1.729070681747E9">
    <skipped/>
  </testcase> <!-- @BeforeMethod LoginToAppplication -->
  <testcase classname="Amazon.VerifyOrderPage" name="@BeforeMethod LoginToApplication" time="-1.72907068175E9">
    <skipped/>
  </testcase> <!-- @BeforeMethod LoginToApplication -->
  <testcase classname="Amazon.verifyLoginPage" name="@AfterMethod LogoutFromApllication" time="-1.729070681768E9">
    <skipped/>
  </testcase> <!-- @AfterMethod LogoutFromApllication -->
  <testcase classname="Amazon.verifyLoginPage" name="@BeforeMethod LoginIntoApplication" time="-1.729070681778E9">
    <skipped/>
  </testcase> <!-- @BeforeMethod LoginIntoApplication -->
  <testcase classname="Amazon.AmazonTestNGClass" name="@AfterMethod logOutFromApplication" time="-1.729070681778E9">
    <skipped/>
  </testcase> <!-- @AfterMethod logOutFromApplication -->
  <testcase classname="Amazon.VerifyOrderPage" name="@AfterMethod LogoutFromApplication" time="-1.729070681783E9">
    <skipped/>
  </testcase> <!-- @AfterMethod LogoutFromApplication -->
  <testcase classname="Amazon.verifyLoginPage" name="@AfterMethod LogoutFromApllication" time="-1.729070681795E9">
    <skipped/>
  </testcase> <!-- @AfterMethod LogoutFromApllication -->
  <testcase classname="Amazon.verifyLoginPage" name="@AfterClass RemovePOM" time="-1.729070681809E9">
    <skipped/>
  </testcase> <!-- @AfterClass RemovePOM -->
  <testcase classname="Amazon.VerifyOrderPage" name="@BeforeMethod LoginToApplication" time="-1.729070681802E9">
    <skipped/>
  </testcase> <!-- @BeforeMethod LoginToApplication -->
  <testcase classname="Amazon.AmazonTestNGClass" name="@BeforeMethod LoginToAppplication" time="-1.729070681793E9">
    <skipped/>
  </testcase> <!-- @BeforeMethod LoginToAppplication -->
  <testcase classname="Amazon.VerifyOrderPage" name="@AfterMethod LogoutFromApplication" time="-1.72907068182E9">
    <skipped/>
  </testcase> <!-- @AfterMethod LogoutFromApplication -->
  <testcase classname="Amazon.AmazonTestNGClass" name="@AfterMethod logOutFromApplication" time="-1.729070681824E9">
    <skipped/>
  </testcase> <!-- @AfterMethod logOutFromApplication -->
  <testcase classname="Amazon.VerifyOrderPage" name="@AfterClass removePOM" time="-1.729070681825E9">
    <skipped/>
  </testcase> <!-- @AfterClass removePOM -->
  <testcase classname="Amazon.AmazonTestNGClass" name="@AfterClass RemovePOM" time="-1.729070681828E9">
    <skipped/>
  </testcase> <!-- @AfterClass RemovePOM -->
  <testcase classname="Amazon.AmazonTestNGClass" name="@AfterTest closed" time="-1.729070681833E9">
    <skipped/>
  </testcase> <!-- @AfterTest closed -->
  <testcase classname="Amazon.VerifyOrderPage" name="@AfterTest Closed" time="-1.729070681841E9">
    <skipped/>
  </testcase> <!-- @AfterTest Closed -->
  <testcase classname="Amazon.verifyLoginPage" name="@AfterTest Closed" time="-1.729070681843E9">
    <skipped/>
  </testcase> <!-- @AfterTest Closed -->
  <testcase classname="Amazon.verifyLoginPage" name="VerifySuccessfullyLogin" time="0.0">
    <skipped/>
  </testcase> <!-- VerifySuccessfullyLogin -->
  <testcase classname="Amazon.AmazonTestNGClass" name="VerifyTittle" time="0.0">
    <skipped/>
  </testcase> <!-- VerifyTittle -->
  <testcase classname="Amazon.VerifyOrderPage" name="VerifyLogin1" time="0.0">
    <skipped/>
  </testcase> <!-- VerifyLogin1 -->
  <testcase classname="Amazon.verifyLoginPage" name="verifysignInWithWrongPass" time="0.0">
    <skipped/>
  </testcase> <!-- verifysignInWithWrongPass -->
  <testcase classname="Amazon.VerifyOrderPage" name="VerifyRetunAndOrders" time="0.0">
    <skipped/>
  </testcase> <!-- VerifyRetunAndOrders -->
  <testcase classname="Amazon.AmazonTestNGClass" name="verifyAddToCart" time="0.0">
    <skipped/>
  </testcase> <!-- verifyAddToCart -->
</testsuite> <!-- Test-FirefoxTest -->
